Loaded 97 papers from bench-mark/paper_metadata_new_only.json
  97 have markdown files
Extracting annotations from 97 papers (concurrent=8)...
  [1/97] OK: 1706.07976v1
  [2/97] OK: 1810.12737v1
  [3/97] OK: 1409.7889v2
  [4/97] OK: 1602.07396v1
  [5/97] OK: 1810.07812v1
  [6/97] OK: 1804.04105v2
  [7/97] OK: 1804.03732v3
  [8/97] OK: 1810.12647v1
  [9/97] OK: 1812.09241v1
  [10/97] OK: 2005.11218v1
  [11/97] OK: 1908.07576v1
  [12/97] OK: 1906.04619v1
  [13/97] OK: 2012.05742v2
  [14/97] OK: 2002.04347v1
  [15/97] OK: 2004.04165v1
  [16/97] OK: 2006.16737v1
  [17/97] OK: 2101.07067v3
  [18/97] OK: 2104.01955v1
  [19/97] OK: 2101.09520v2
  [20/97] OK: 2104.05562v1
  [21/97] OK: 2106.05027v2
  [22/97] OK: 2201.00531v1
  [23/97] OK: 2106.10700v1
  [24/97] OK: 2105.06840v1
  [25/97] OK: 2202.06661v2
  [26/97] OK: 2202.08822v1
  [27/97] OK: 2108.12837v1
  [28/97] OK: 2201.09090v1
  [29/97] OK: 2206.01767v1
  [30/97] OK: 2207.13857v1
  [31/97] OK: 2208.06431v2
  [32/97] OK: 2205.01010v2
  [33/97] OK: 2203.06218v2
  [34/97] OK: 2206.11470v2
  [35/97] OK: 2207.14260v2
  [36/97] OK: 2209.11284v1
  [37/97] OK: 2304.11079v1
  [38/97] OK: 2212.04972v2
  [39/97] OK: 2208.08221v4
  [40/97] OK: 2303.16613v3
  [41/97] OK: 2302.07843v2
  [42/97] OK: 2303.14732v3
  [43/97] OK: 2305.16490v1
  [44/97] OK: 2307.12796v1
  [45/97] OK: 2212.07811v1
  [46/97] OK: 2306.09911v1
  [47/97] OK: 2310.05926v1
  [48/97] OK: 2306.01949v1
  [49/97] OK: 2309.15884v2
  [50/97] OK: 2312.01295v1
  [51/97] OK: 2311.03834v1
  [52/97] OK: 2403.18845v1
  [53/97] OK: 2403.16851v3
  [54/97] OK: 2408.05587v3
  [55/97] OK: 2406.15311v1
  [56/97] OK: 2407.14559v1
  [57/97] OK: 2409.02592v2
  [58/97] OK: 2410.09112v1
  [59/97] OK: 2404.15176v1
  [60/97] OK: 2501.02429v1
  [61/97] OK: 2501.17456v1
  [62/97] OK: 2410.13989v1
  [63/97] OK: 2501.15552v2
  [64/97] OK: 2503.02216v1
  [65/97] OK: 2502.04457v1
  [66/97] OK: 2502.10496v1
  [67/97] OK: 2502.17841v3
  [68/97] OK: 2504.20081v3
  [69/97] OK: 2503.23414v1
  [70/97] OK: 2502.18427v1
  [71/97] OK: 2505.21162v1
  [72/97] OK: 2506.20225v2
  [73/97] OK: 2509.23645v1
  [74/97] OK: 2506.06753v1
  [75/97] OK: 2507.17127v1
  [76/97] OK: 2510.19246v2
  [77/97] OK: 2511.05051v1
  [78/97] OK: 2511.04075v1
  [79/97] OK: 2512.16943v4
  [80/97] OK: 2601.08156v1
  [81/97] OK: 2512.23429v1
  [82/97] OK: 2601.15172v1
  [83/97] OK: 2601.21761v1
  [84/97] OK: 2601.11507v1
  [85/97] OK: 2601.14949v2
  [86/97] OK: 2602.05211v1
  [87/97] OK: 2602.10118v1
  [88/97] OK: 2602.18940v1
  [89/97] OK: 2603.19319v1
  [90/97] OK: 2603.00399v2
  [91/97] OK: 2603.14919v1
  [92/97] OK: 2603.22151v1
  [93/97] OK: 2604.01602v1
  [94/97] OK: 2604.16387v1
  [95/97] OK: 2604.24071v1
  [96/97] OK: 2606.04716v1
  [97/97] OK: 2605.12514v1

Extraction complete: 97 OK, 0 failed (427.5s)
Saved 97 extractions to bench-mark/extracted_others.json
